d:\gunz\server private\repack jorklenis2\repack-jorklenis2\cml\release\cml.pch
d:\gunz\server private\repack jorklenis2\repack-jorklenis2\cml\release\cml.pdb
d:\gunz\server private\repack jorklenis2\repack-jorklenis2\cml\release\stdafx.obj
d:\gunz\server private\repack jorklenis2\repack-jorklenis2\cml\release\mcrc32.obj
d:\gunz\server private\repack jorklenis2\repack-jorklenis2\cml\release\mcrashdump.obj
d:\gunz\server private\repack jorklenis2\repack-jorklenis2\cml\release\mchunkrewriter.obj
d:\gunz\server private\repack jorklenis2\repack-jorklenis2\cml\release\mchecksum.obj
d:\gunz\server private\repack jorklenis2\repack-jorklenis2\cml\release\mblobarray.obj
d:\gunz\server private\repack jorklenis2\repack-jorklenis2\cml\release\masynchttp.obj
d:\gunz\server private\repack jorklenis2\repack-jorklenis2\cml\release\marchive.obj
d:\gunz\server private\repack jorklenis2\repack-jorklenis2\cml\release\libpak.obj
d:\gunz\server private\repack jorklenis2\repack-jorklenis2\cml\release\hash.obj
d:\gunz\server private\repack jorklenis2\repack-jorklenis2\cml\release\fileinfo.obj
d:\gunz\server private\repack jorklenis2\repack-jorklenis2\cml\release\commonlog.obj
d:\gunz\server private\repack jorklenis2\repack-jorklenis2\cml\release\cmlexicalanalyzer.obj
d:\gunz\server private\repack jorklenis2\repack-jorklenis2\cml\release\cmerror.obj
d:\gunz\server private\repack jorklenis2\repack-jorklenis2\cml\release\cfgfile.obj
d:\gunz\server private\repack jorklenis2\repack-jorklenis2\cml\release\sha1.obj
d:\gunz\server private\repack jorklenis2\repack-jorklenis2\cml\release\mmd5.obj
d:\gunz\server private\repack jorklenis2\repack-jorklenis2\cml\release\hmac_sha1.obj
d:\gunz\server private\repack jorklenis2\repack-jorklenis2\cml\release\seed.obj
d:\gunz\server private\repack jorklenis2\repack-jorklenis2\cml\release\mvector3.obj
d:\gunz\server private\repack jorklenis2\repack-jorklenis2\cml\release\mmatrix.obj
d:\gunz\server private\repack jorklenis2\repack-jorklenis2\cml\release\mstrex.obj
d:\gunz\server private\repack jorklenis2\repack-jorklenis2\cml\release\mstatemachine.obj
d:\gunz\server private\repack jorklenis2\repack-jorklenis2\cml\release\msmartrefresh.obj
d:\gunz\server private\repack jorklenis2\repack-jorklenis2\cml\release\mrsaencrypt.obj
d:\gunz\server private\repack jorklenis2\repack-jorklenis2\cml\release\mregistry.obj
d:\gunz\server private\repack jorklenis2\repack-jorklenis2\cml\release\mprofiler.obj
d:\gunz\server private\repack jorklenis2\repack-jorklenis2\cml\release\mprocesscontroller.obj
d:\gunz\server private\repack jorklenis2\repack-jorklenis2\cml\release\mpdb.obj
d:\gunz\server private\repack jorklenis2\repack-jorklenis2\cml\release\mpagearray.obj
d:\gunz\server private\repack jorklenis2\repack-jorklenis2\cml\release\mmemoryproxy.obj
d:\gunz\server private\repack jorklenis2\repack-jorklenis2\cml\release\mlocale.obj
d:\gunz\server private\repack jorklenis2\repack-jorklenis2\cml\release\mlex.obj
d:\gunz\server private\repack jorklenis2\repack-jorklenis2\cml\release\minetutil.obj
d:\gunz\server private\repack jorklenis2\repack-jorklenis2\cml\release\minet.obj
d:\gunz\server private\repack jorklenis2\repack-jorklenis2\cml\release\mhttpspooler.obj
d:\gunz\server private\repack jorklenis2\repack-jorklenis2\cml\release\mempool.obj
d:\gunz\server private\repack jorklenis2\repack-jorklenis2\cml\release\mdebug.obj
d:\gunz\server private\repack jorklenis2\repack-jorklenis2\cml\release\mdatachecker.obj
d:\gunz\server private\repack jorklenis2\repack-jorklenis2\cml\release\mcsvparser.obj
d:\gunz\server private\repack jorklenis2\repack-jorklenis2\cml\release\mcrypt.obj
d:\gunz\server private\repack jorklenis2\repack-jorklenis2\cml\release\mzip.obj
d:\gunz\server private\repack jorklenis2\repack-jorklenis2\cml\release\mzfilesystem.obj
d:\gunz\server private\repack jorklenis2\repack-jorklenis2\cml\release\mxml.obj
d:\gunz\server private\repack jorklenis2\repack-jorklenis2\cml\release\mutil.obj
d:\gunz\server private\repack jorklenis2\repack-jorklenis2\cml\release\mtracememory.obj
d:\gunz\server private\repack jorklenis2\repack-jorklenis2\cml\release\mthread.obj
d:\gunz\server private\repack jorklenis2\repack-jorklenis2\cml\release\msync.obj
d:\gunz\server private\repack jorklenis2\repack-jorklenis2\cml\release\mfoldernotifier.obj
d:\gunz\server private\repack jorklenis2\repack-jorklenis2\cml\lib\cml.lib
d:\gunz\server private\repack jorklenis2\repack-jorklenis2\cml\release\msxml.tli
d:\gunz\server private\repack jorklenis2\repack-jorklenis2\cml\release\msxml.tlh
\lib\cml.pdb
d:\gunz\server private\repack jorklenis2\repack-jorklenis2\cml\release\cml.tlog\cl.command.1.tlog
d:\gunz\server private\repack jorklenis2\repack-jorklenis2\cml\release\cml.tlog\cl.read.1.tlog
d:\gunz\server private\repack jorklenis2\repack-jorklenis2\cml\release\cml.tlog\cl.write.1.tlog
d:\gunz\server private\repack jorklenis2\repack-jorklenis2\cml\release\cml.tlog\lib-link.read.1.tlog
d:\gunz\server private\repack jorklenis2\repack-jorklenis2\cml\release\cml.tlog\lib-link.write.1.tlog
d:\gunz\server private\repack jorklenis2\repack-jorklenis2\cml\release\cml.tlog\lib.command.1.tlog
