d:\gunz\server private\repack jorklenis2\repack-jorklenis2\matchserver\release\matchserver.pch
d:\gunz\server private\repack jorklenis2\repack-jorklenis2\matchserver\release\vc141.pdb
d:\gunz\server private\repack jorklenis2\repack-jorklenis2\matchserver\release\stdafx.obj
d:\gunz\server private\repack jorklenis2\repack-jorklenis2\matchserver\release\mbmatchasyncdbjob_takeoffitem.obj
d:\gunz\server private\repack jorklenis2\repack-jorklenis2\matchserver\release\mbmatchasyncdbjob_sellitem.obj
d:\gunz\server private\repack jorklenis2\repack-jorklenis2\matchserver\release\mbmatchasyncdbjob_nhnlogin.obj
d:\gunz\server private\repack jorklenis2\repack-jorklenis2\matchserver\release\mbmatchasyncdbjob_netmarblelogin.obj
d:\gunz\server private\repack jorklenis2\repack-jorklenis2\matchserver\release\mbmatchasyncdbjob_gameonlogin.obj
d:\gunz\server private\repack jorklenis2\repack-jorklenis2\matchserver\release\mbmatchasyncdbjob_gamblequestitem.obj
d:\gunz\server private\repack jorklenis2\repack-jorklenis2\matchserver\release\mbmatchasyncdbjob_gambleitem.obj
d:\gunz\server private\repack jorklenis2\repack-jorklenis2\matchserver\release\mbmatchasyncdbjob_character.obj
d:\gunz\server private\repack jorklenis2\repack-jorklenis2\matchserver\release\mbmatchasyncdbjob_buybountyitem.obj
d:\gunz\server private\repack jorklenis2\repack-jorklenis2\matchserver\release\mbmatchserverconfigreloader.obj
d:\gunz\server private\repack jorklenis2\repack-jorklenis2\matchserver\release\mbmatchserver.obj
d:\gunz\server private\repack jorklenis2\repack-jorklenis2\matchserver\release\trayicon.obj
d:\gunz\server private\repack jorklenis2\repack-jorklenis2\matchserver\release\outputview.obj
d:\gunz\server private\repack jorklenis2\repack-jorklenis2\matchserver\release\matchserverview.obj
d:\gunz\server private\repack jorklenis2\repack-jorklenis2\matchserver\release\matchserverdoc.obj
d:\gunz\server private\repack jorklenis2\repack-jorklenis2\matchserver\release\matchserver.obj
d:\gunz\server private\repack jorklenis2\repack-jorklenis2\matchserver\release\mainfrm.obj
d:\gunz\server private\repack jorklenis2\repack-jorklenis2\matchserver\release\exceptionattacher.obj
d:\gunz\server private\repack jorklenis2\repack-jorklenis2\matchserver\release\commandlogview.obj
d:\gunz\server private\repack jorklenis2\repack-jorklenis2\matchserver\release\childfrm.obj
d:\gunz\server private\repack jorklenis2\repack-jorklenis2\matchserver\release\mbmatchtest_killtracker.obj
d:\gunz\server private\repack jorklenis2\repack-jorklenis2\matchserver\release\mbmatchtest_gameguard.obj
d:\gunz\server private\repack jorklenis2\repack-jorklenis2\matchserver\release\mbmatchtest.obj
d:\gunz\server private\repack jorklenis2\repack-jorklenis2\matchserver\release\mmatchserver_schedule.obj
d:\gunz\server private\repack jorklenis2\repack-jorklenis2\matchserver\release\mbmatchserver_stage.obj
d:\gunz\server private\repack jorklenis2\repack-jorklenis2\matchserver\release\mbmatchserver_serverkeeper.obj
d:\gunz\server private\repack jorklenis2\repack-jorklenis2\matchserver\release\mbmatchserver_oncommand.obj
d:\gunz\server private\repack jorklenis2\repack-jorklenis2\matchserver\release\mbmatchserver_login.obj
d:\gunz\server private\repack jorklenis2\repack-jorklenis2\matchserver\release\mbmatchserver_item.obj
d:\gunz\server private\repack jorklenis2\repack-jorklenis2\matchserver\release\mbmatchserver_countryfilter.obj
d:\gunz\server private\repack jorklenis2\repack-jorklenis2\matchserver\release\mbmatchserver_antihack.obj
d:\gunz\server private\repack jorklenis2\repack-jorklenis2\matchserver\release\mbmatchasyncdbjob_bringbackaccountitemstackable.obj
d:\gunz\server private\repack jorklenis2\repack-jorklenis2\matchserver\release\mbmatchasyncdbjob_bringbackaccountitem.obj
d:\gunz\server private\repack jorklenis2\repack-jorklenis2\matchserver\release\mbmatchasyncdbjob_bringaccountitemstackable.obj
d:\gunz\server private\repack jorklenis2\repack-jorklenis2\matchserver\release\mbmatchasyncdbjob_bringaccountitem.obj
d:\gunz\server private\repack jorklenis2\repack-jorklenis2\matchserver\release\onprocessasyncjob.obj
d:\gunz\server private\repack jorklenis2\repack-jorklenis2\matchserver\release\mbmatchasyncjob_getcpuinfo.obj
d:\gunz\server private\repack jorklenis2\repack-jorklenis2\matchserver\release\mbmatchasyncdbjob_updateequipitem.obj
d:\gunz\server private\repack jorklenis2\repack-jorklenis2\matchserver\release\mbmatchasyncdbjob_updatecharplayinfo.obj
d:\gunz\server private\repack jorklenis2\repack-jorklenis2\matchserver\release\mbmatchasyncdbjob_updatecharlevel.obj
d:\gunz\server private\repack jorklenis2\repack-jorklenis2\matchserver\release\mbmatchgameonauth.obj
d:\gunz\server private\repack jorklenis2\repack-jorklenis2\matchserver\release\mbmatchsysteminfo.obj
d:\gunz\server private\repack jorklenis2\repack-jorklenis2\matchserver\release\mbmatchmonitorxml.obj
d:\gunz\server private\repack jorklenis2\repack-jorklenis2\matchserver\release\mbmatchmonitorcommunicator.obj
d:\gunz\server private\repack jorklenis2\repack-jorklenis2\matchserver\release\mbmatchmonitor.obj
d:\gunz\server private\repack jorklenis2\repack-jorklenis2\matchserver\release\mbmatchkilltracker.obj
d:\gunz\server private\repack jorklenis2\repack-jorklenis2\matchserver\release\mbmatchsecurity.obj
d:\gunz\server private\repack jorklenis2\repack-jorklenis2\matchserver\release\mbmatchgameguard.obj
d:\gunz\server private\repack jorklenis2\repack-jorklenis2\matchserver\release\mbmatchnhnrta.obj
d:\gunz\server private\repack jorklenis2\repack-jorklenis2\matchserver\release\mbmatchnhnauth.obj
d:\gunz\server private\repack jorklenis2\repack-jorklenis2\matchserver\release\xtrap4server.obj
d:\gunz\server private\repack jorklenis2\repack-jorklenis2\matchserver\release\mbmatchxtrapcc.obj
d:\gunz\server private\repack jorklenis2\repack-jorklenis2\matchserver\release\mbmatchauth.obj
d:\gunz\server private\repack jorklenis2\repack-jorklenis2\matchserver\release\mbmatchnetmarblebilling.obj
d:\gunz\server private\repack jorklenis2\repack-jorklenis2\matchserver\release\testresourcecrc32cache_serverclient.obj
d:\gunz\server private\repack jorklenis2\repack-jorklenis2\matchserver\release\testcrcstage.obj
d:\gunz\server private\repack jorklenis2\repack-jorklenis2\matchserver\release\testcrcplayer.obj
d:\gunz\server private\repack jorklenis2\repack-jorklenis2\matchserver\release\testcrcnetmodule.obj
d:\gunz\server private\repack jorklenis2\repack-jorklenis2\matchserver\release\testcrc32server.obj
d:\gunz\server private\repack jorklenis2\repack-jorklenis2\build\repack jorklenis2\matchserver\matchserver.exe
d:\gunz\server private\repack jorklenis2\repack-jorklenis2\build\matchserver\matchserver.exe
d:\gunz\server private\repack jorklenis2\repack-jorklenis2\build\matchserver\matchserver.pdb
d:\gunz\server private\repack jorklenis2\repack-jorklenis2\build\repack jorklenis2\matchserver\matchserver.ipdb
d:\gunz\server private\repack jorklenis2\repack-jorklenis2\build\repack jorklenis2\matchserver\matchserver.iobj
d:\gunz\server private\repack jorklenis2\repack-jorklenis2\build\matchserver\matchserver.ipdb
d:\gunz\server private\repack jorklenis2\repack-jorklenis2\build\matchserver\matchserver.iobj
d:\gunz\server private\repack jorklenis2\repack-jorklenis2\matchserver\release\matchserver.res
d:\gunz\server private\repack jorklenis2\repack-jorklenis2\matchserver\release\msxml.tlh
d:\gunz\server private\repack jorklenis2\repack-jorklenis2\matchserver\..\build\matchserver\matchserver.exe
d:\gunz\server private\repack jorklenis2\repack-jorklenis2\matchserver\release\matchserver.tlog\cl.command.1.tlog
d:\gunz\server private\repack jorklenis2\repack-jorklenis2\matchserver\release\matchserver.tlog\cl.read.1.tlog
d:\gunz\server private\repack jorklenis2\repack-jorklenis2\matchserver\release\matchserver.tlog\cl.write.1.tlog
d:\gunz\server private\repack jorklenis2\repack-jorklenis2\matchserver\release\matchserver.tlog\link.command.1.tlog
d:\gunz\server private\repack jorklenis2\repack-jorklenis2\matchserver\release\matchserver.tlog\link.read.1.tlog
d:\gunz\server private\repack jorklenis2\repack-jorklenis2\matchserver\release\matchserver.tlog\link.write.1.tlog
d:\gunz\server private\repack jorklenis2\repack-jorklenis2\matchserver\release\matchserver.tlog\matchserver.write.1u.tlog
d:\gunz\server private\repack jorklenis2\repack-jorklenis2\matchserver\release\matchserver.tlog\rc.command.1.tlog
d:\gunz\server private\repack jorklenis2\repack-jorklenis2\matchserver\release\matchserver.tlog\rc.read.1.tlog
d:\gunz\server private\repack jorklenis2\repack-jorklenis2\matchserver\release\matchserver.tlog\rc.write.1.tlog
