d:\gunz\server private\repack jorklenis2\repack-jorklenis2\cscommon\release\cscommon.pch
d:\gunz\server private\repack jorklenis2\repack-jorklenis2\cscommon\release\cscommon.pdb
d:\gunz\server private\repack jorklenis2\repack-jorklenis2\cscommon\release\stdafx.obj
d:\gunz\server private\repack jorklenis2\repack-jorklenis2\cscommon\release\muid.obj
d:\gunz\server private\repack jorklenis2\repack-jorklenis2\cscommon\release\mmatchruleclassic.obj
d:\gunz\server private\repack jorklenis2\repack-jorklenis2\cscommon\release\mgridmap.obj
d:\gunz\server private\repack jorklenis2\repack-jorklenis2\cscommon\release\mcommandprofiler.obj
d:\gunz\server private\repack jorklenis2\repack-jorklenis2\cscommon\release\mcommandparameter.obj
d:\gunz\server private\repack jorklenis2\repack-jorklenis2\cscommon\release\mcommandmanager.obj
d:\gunz\server private\repack jorklenis2\repack-jorklenis2\cscommon\release\mcommandbuilder.obj
d:\gunz\server private\repack jorklenis2\repack-jorklenis2\cscommon\release\mcommand.obj
d:\gunz\server private\repack jorklenis2\repack-jorklenis2\cscommon\release\scontrol.obj
d:\gunz\server private\repack jorklenis2\repack-jorklenis2\cscommon\release\mmessenger.obj
d:\gunz\server private\repack jorklenis2\repack-jorklenis2\cscommon\release\mmatchlanguageconf.obj
d:\gunz\server private\repack jorklenis2\repack-jorklenis2\cscommon\release\mlanguageconf.obj
d:\gunz\server private\repack jorklenis2\repack-jorklenis2\cscommon\release\mplayerwarsmgr.obj
d:\gunz\server private\repack jorklenis2\repack-jorklenis2\cscommon\release\mmatchserver_playerwars.obj
d:\gunz\server private\repack jorklenis2\repack-jorklenis2\cscommon\release\mmatchrulevampire.obj
d:\gunz\server private\repack jorklenis2\repack-jorklenis2\cscommon\release\mmatchrulenks.obj
d:\gunz\server private\repack jorklenis2\repack-jorklenis2\cscommon\release\mmatchruleninja.obj
d:\gunz\server private\repack jorklenis2\repack-jorklenis2\cscommon\release\masyncdbjob_playerwars.obj
d:\gunz\server private\repack jorklenis2\repack-jorklenis2\cscommon\release\mmatchruledropgungame.obj
d:\gunz\server private\repack jorklenis2\repack-jorklenis2\cscommon\release\mdropgungamemanager.obj
d:\gunz\server private\repack jorklenis2\repack-jorklenis2\cscommon\release\mmatchchannelrule.obj
d:\gunz\server private\repack jorklenis2\repack-jorklenis2\cscommon\release\mmatchactivetrapmgr.obj
d:\gunz\server private\repack jorklenis2\repack-jorklenis2\cscommon\release\mbasechannelrule.obj
d:\gunz\server private\repack jorklenis2\repack-jorklenis2\cscommon\release\mteamgamestrategy.obj
d:\gunz\server private\repack jorklenis2\repack-jorklenis2\cscommon\release\mladderstatistics.obj
d:\gunz\server private\repack jorklenis2\repack-jorklenis2\cscommon\release\mladderpicker.obj
d:\gunz\server private\repack jorklenis2\repack-jorklenis2\cscommon\release\mladdermgr.obj
d:\gunz\server private\repack jorklenis2\repack-jorklenis2\cscommon\release\mpackethshieldcrypter.obj
d:\gunz\server private\repack jorklenis2\repack-jorklenis2\cscommon\release\mpacketcrypter.obj
d:\gunz\server private\repack jorklenis2\repack-jorklenis2\cscommon\release\mpacket.obj
d:\gunz\server private\repack jorklenis2\repack-jorklenis2\cscommon\release\realcpnet.obj
d:\gunz\server private\repack jorklenis2\repack-jorklenis2\cscommon\release\mserver.obj
d:\gunz\server private\repack jorklenis2\repack-jorklenis2\cscommon\release\mtcpsocket.obj
d:\gunz\server private\repack jorklenis2\repack-jorklenis2\cscommon\release\mmatchclient.obj
d:\gunz\server private\repack jorklenis2\repack-jorklenis2\cscommon\release\mcustomclient.obj
d:\gunz\server private\repack jorklenis2\repack-jorklenis2\cscommon\release\mclient.obj
d:\gunz\server private\repack jorklenis2\repack-jorklenis2\cscommon\release\mchattingfilter.obj
d:\gunz\server private\repack jorklenis2\repack-jorklenis2\cscommon\release\mmaster.obj
d:\gunz\server private\repack jorklenis2\repack-jorklenis2\cscommon\release\msharedcommandtable.obj
d:\gunz\server private\repack jorklenis2\repack-jorklenis2\cscommon\release\mobject.obj
d:\gunz\server private\repack jorklenis2\repack-jorklenis2\cscommon\release\msacrificeqitemtable.obj
d:\gunz\server private\repack jorklenis2\repack-jorklenis2\cscommon\release\mquestplayer.obj
d:\gunz\server private\repack jorklenis2\repack-jorklenis2\cscommon\release\mquestnpcspawntrigger.obj
d:\gunz\server private\repack jorklenis2\repack-jorklenis2\cscommon\release\mquestlevelgenerator.obj
d:\gunz\server private\repack jorklenis2\repack-jorklenis2\cscommon\release\mquestlevel.obj
d:\gunz\server private\repack jorklenis2\repack-jorklenis2\cscommon\release\mquestitem.obj
d:\gunz\server private\repack jorklenis2\repack-jorklenis2\cscommon\release\mquestformula.obj
d:\gunz\server private\repack jorklenis2\repack-jorklenis2\cscommon\release\mquestdroptable.obj
d:\gunz\server private\repack jorklenis2\repack-jorklenis2\cscommon\release\mmatchsurvivalgamelog.obj
d:\gunz\server private\repack jorklenis2\repack-jorklenis2\cscommon\release\mmatchquestround.obj
d:\gunz\server private\repack jorklenis2\repack-jorklenis2\cscommon\release\mmatchquestmonstergroup.obj
d:\gunz\server private\repack jorklenis2\repack-jorklenis2\cscommon\release\mmatchquestgamelog.obj
d:\gunz\server private\repack jorklenis2\repack-jorklenis2\cscommon\release\mmatchquest.obj
d:\gunz\server private\repack jorklenis2\repack-jorklenis2\cscommon\release\mmatchnpcobject.obj
d:\gunz\server private\repack jorklenis2\repack-jorklenis2\cscommon\release\mmatchworlditemdesc.obj
d:\gunz\server private\repack jorklenis2\repack-jorklenis2\cscommon\release\mmatchworlditem.obj
d:\gunz\server private\repack jorklenis2\repack-jorklenis2\cscommon\release\mmatchstagesetting.obj
d:\gunz\server private\repack jorklenis2\repack-jorklenis2\cscommon\release\mmatchstage.obj
d:\gunz\server private\repack jorklenis2\repack-jorklenis2\cscommon\release\mmatchmap.obj
d:\gunz\server private\repack jorklenis2\repack-jorklenis2\cscommon\release\mmatchformula.obj
d:\gunz\server private\repack jorklenis2\repack-jorklenis2\cscommon\release\mdueltournamentmatchmaker.obj
d:\gunz\server private\repack jorklenis2\repack-jorklenis2\cscommon\release\mmatchdueltournamentmgr.obj
d:\gunz\server private\repack jorklenis2\repack-jorklenis2\cscommon\release\mmatchrulesurvival.obj
d:\gunz\server private\repack jorklenis2\repack-jorklenis2\cscommon\release\mmatchrulequest.obj
d:\gunz\server private\repack jorklenis2\repack-jorklenis2\cscommon\release\mmatchrulebasequest.obj
d:\gunz\server private\repack jorklenis2\repack-jorklenis2\cscommon\release\mmatchruletraining.obj
d:\gunz\server private\repack jorklenis2\repack-jorklenis2\cscommon\release\mmatchrulegladiator.obj
d:\gunz\server private\repack jorklenis2\repack-jorklenis2\cscommon\release\mmatchruleduel.obj
d:\gunz\server private\repack jorklenis2\repack-jorklenis2\cscommon\release\mmatchruledeathmatch.obj
d:\gunz\server private\repack jorklenis2\repack-jorklenis2\cscommon\release\mmatchruleberserker.obj
d:\gunz\server private\repack jorklenis2\repack-jorklenis2\cscommon\release\mmatchruleassassinate.obj
d:\gunz\server private\repack jorklenis2\repack-jorklenis2\cscommon\release\mmatchrule.obj
d:\gunz\server private\repack jorklenis2\repack-jorklenis2\cscommon\release\mmatchgametype.obj
d:\gunz\server private\repack jorklenis2\repack-jorklenis2\cscommon\release\mbasegametype.obj
d:\gunz\server private\repack jorklenis2\repack-jorklenis2\cscommon\release\msurvivalmap.obj
d:\gunz\server private\repack jorklenis2\repack-jorklenis2\cscommon\release\mquestscenario.obj
d:\gunz\server private\repack jorklenis2\repack-jorklenis2\cscommon\release\mquestnpc.obj
d:\gunz\server private\repack jorklenis2\repack-jorklenis2\cscommon\release\mquestmap.obj
d:\gunz\server private\repack jorklenis2\repack-jorklenis2\cscommon\release\mbasequest.obj
d:\gunz\server private\repack jorklenis2\repack-jorklenis2\cscommon\release\msurvivalrankinfo.obj
d:\gunz\server private\repack jorklenis2\repack-jorklenis2\cscommon\release\mmatchbrmachine.obj
d:\gunz\server private\repack jorklenis2\repack-jorklenis2\cscommon\release\mmatchaccountpenaltyinfo.obj
d:\gunz\server private\repack jorklenis2\repack-jorklenis2\cscommon\release\mmatchbuffsummary.obj
d:\gunz\server private\repack jorklenis2\repack-jorklenis2\cscommon\release\mmatchbuff.obj
d:\gunz\server private\repack jorklenis2\repack-jorklenis2\cscommon\release\mmatchgamblemachine.obj
d:\gunz\server private\repack jorklenis2\repack-jorklenis2\cscommon\release\mmatchgambleitem.obj
d:\gunz\server private\repack jorklenis2\repack-jorklenis2\cscommon\release\mmatchdbgambleitem.obj
d:\gunz\server private\repack jorklenis2\repack-jorklenis2\cscommon\release\mmatchitemfunction.obj
d:\gunz\server private\repack jorklenis2\repack-jorklenis2\cscommon\release\mmatchitem.obj
d:\gunz\server private\repack jorklenis2\repack-jorklenis2\cscommon\release\mmatchobjectcommandhistory.obj
d:\gunz\server private\repack jorklenis2\repack-jorklenis2\cscommon\release\mmatchobjectcharbuffinfo.obj
d:\gunz\server private\repack jorklenis2\repack-jorklenis2\cscommon\release\mmatchobject.obj
d:\gunz\server private\repack jorklenis2\repack-jorklenis2\cscommon\release\mmatchobjcache.obj
d:\gunz\server private\repack jorklenis2\repack-jorklenis2\cscommon\release\mmatchhshield.obj
d:\gunz\server private\repack jorklenis2\repack-jorklenis2\cscommon\release\mmatchantihack.obj
d:\gunz\server private\repack jorklenis2\repack-jorklenis2\cscommon\release\magentobject.obj
d:\gunz\server private\repack jorklenis2\repack-jorklenis2\cscommon\release\mdueltournamentformula.obj
d:\gunz\server private\repack jorklenis2\repack-jorklenis2\cscommon\release\mmatchruledueltournament.obj
d:\gunz\server private\repack jorklenis2\repack-jorklenis2\cscommon\release\mdueltournamenttimechecker.obj
d:\gunz\server private\repack jorklenis2\repack-jorklenis2\cscommon\release\mdueltournamentticketpicker.obj
d:\gunz\server private\repack jorklenis2\repack-jorklenis2\cscommon\release\msmartrefreshimpl.obj
d:\gunz\server private\repack jorklenis2\repack-jorklenis2\cscommon\release\mmatchutil.obj
d:\gunz\server private\repack jorklenis2\repack-jorklenis2\cscommon\release\mmatchtransdatatype.obj
d:\gunz\server private\repack jorklenis2\repack-jorklenis2\cscommon\release\mmatchstatus.obj
d:\gunz\server private\repack jorklenis2\repack-jorklenis2\cscommon\release\mmatchshutdown.obj
d:\gunz\server private\repack jorklenis2\repack-jorklenis2\cscommon\release\mmatchshop.obj
d:\gunz\server private\repack jorklenis2\repack-jorklenis2\cscommon\release\mmatchschedule.obj
d:\gunz\server private\repack jorklenis2\repack-jorklenis2\cscommon\release\mmatchpremiumipcache.obj
d:\gunz\server private\repack jorklenis2\repack-jorklenis2\cscommon\release\mmatchnotify.obj
d:\gunz\server private\repack jorklenis2\repack-jorklenis2\cscommon\release\mmatchglobal.obj
d:\gunz\server private\repack jorklenis2\repack-jorklenis2\cscommon\release\mmatchfriendinfo.obj
d:\gunz\server private\repack jorklenis2\repack-jorklenis2\cscommon\release\mmatchclan.obj
d:\gunz\server private\repack jorklenis2\repack-jorklenis2\cscommon\release\mmatchchecklooptime.obj
d:\gunz\server private\repack jorklenis2\repack-jorklenis2\cscommon\release\mmatchchatroom.obj
d:\gunz\server private\repack jorklenis2\repack-jorklenis2\cscommon\release\mmatchchannel.obj
d:\gunz\server private\repack jorklenis2\repack-jorklenis2\cscommon\release\mmatchadmin.obj
d:\gunz\server private\repack jorklenis2\repack-jorklenis2\cscommon\release\mmatchdbfilter.obj
d:\gunz\server private\repack jorklenis2\repack-jorklenis2\cscommon\release\mmatchdbmgr_accountitem.obj
d:\gunz\server private\repack jorklenis2\repack-jorklenis2\cscommon\release\mmatchdbmgr.obj
d:\gunz\server private\repack jorklenis2\repack-jorklenis2\cscommon\release\mmatchcharbrinfo.obj
d:\gunz\server private\repack jorklenis2\repack-jorklenis2\cscommon\release\mmatcheventfactory.obj
d:\gunz\server private\repack jorklenis2\repack-jorklenis2\cscommon\release\mmatchevent.obj
d:\gunz\server private\repack jorklenis2\repack-jorklenis2\cscommon\release\mmatchserver_survival.obj
d:\gunz\server private\repack jorklenis2\repack-jorklenis2\cscommon\release\mmatchserver_stage.obj
d:\gunz\server private\repack jorklenis2\repack-jorklenis2\cscommon\release\mmatchserver_quest.obj
d:\gunz\server private\repack jorklenis2\repack-jorklenis2\cscommon\release\mmatchserver_oncommand.obj
d:\gunz\server private\repack jorklenis2\repack-jorklenis2\cscommon\release\mmatchserver_login.obj
d:\gunz\server private\repack jorklenis2\repack-jorklenis2\cscommon\release\mmatchserver_ladder.obj
d:\gunz\server private\repack jorklenis2\repack-jorklenis2\cscommon\release\mmatchserver_item.obj
d:\gunz\server private\repack jorklenis2\repack-jorklenis2\cscommon\release\mmatchserver_dueltournament.obj
d:\gunz\server private\repack jorklenis2\repack-jorklenis2\cscommon\release\mmatchserver_clan.obj
d:\gunz\server private\repack jorklenis2\repack-jorklenis2\cscommon\release\mmatchserver_char.obj
d:\gunz\server private\repack jorklenis2\repack-jorklenis2\cscommon\release\mmatchserver_channel.obj
d:\gunz\server private\repack jorklenis2\repack-jorklenis2\cscommon\release\mmatchserver_async.obj
d:\gunz\server private\repack jorklenis2\repack-jorklenis2\cscommon\release\mmatchserver_antihack.obj
d:\gunz\server private\repack jorklenis2\repack-jorklenis2\cscommon\release\mmatchserver_agent.obj
d:\gunz\server private\repack jorklenis2\repack-jorklenis2\cscommon\release\mmatchserver_admin.obj
d:\gunz\server private\repack jorklenis2\repack-jorklenis2\cscommon\release\mmatchserver.obj
d:\gunz\server private\repack jorklenis2\repack-jorklenis2\cscommon\release\mvotemgr.obj
d:\gunz\server private\repack jorklenis2\repack-jorklenis2\cscommon\release\mvotediscussimpl.obj
d:\gunz\server private\repack jorklenis2\repack-jorklenis2\cscommon\release\masyncdbjob_updatechariteminfodata.obj
d:\gunz\server private\repack jorklenis2\repack-jorklenis2\cscommon\release\masyncdbjob_updatecharinfodata.obj
d:\gunz\server private\repack jorklenis2\repack-jorklenis2\cscommon\release\masyncdbjob_updatecharbrinfo.obj
d:\gunz\server private\repack jorklenis2\repack-jorklenis2\cscommon\release\masyncdbjob_survivalmode.obj
d:\gunz\server private\repack jorklenis2\repack-jorklenis2\cscommon\release\masyncdbjob_rewardcharbr.obj
d:\gunz\server private\repack jorklenis2\repack-jorklenis2\cscommon\release\masyncdbjob_insertgameplayerlog.obj
d:\gunz\server private\repack jorklenis2\repack-jorklenis2\cscommon\release\masyncdbjob_insertconnlog.obj
d:\gunz\server private\repack jorklenis2\repack-jorklenis2\cscommon\release\masyncdbjob_insertcharbrinfo.obj
d:\gunz\server private\repack jorklenis2\repack-jorklenis2\cscommon\release\masyncdbjob_getlogininfo.obj
d:\gunz\server private\repack jorklenis2\repack-jorklenis2\cscommon\release\masyncdbjob_getbrdescription.obj
d:\gunz\server private\repack jorklenis2\repack-jorklenis2\cscommon\release\masyncdbjob_getaccountitemlist.obj
d:\gunz\server private\repack jorklenis2\repack-jorklenis2\cscommon\release\masyncdbjob_friendlist.obj
d:\gunz\server private\repack jorklenis2\repack-jorklenis2\cscommon\release\masyncdbjob_event.obj
d:\gunz\server private\repack jorklenis2\repack-jorklenis2\cscommon\release\masyncdbjob_dueltournament.obj
d:\gunz\server private\repack jorklenis2\repack-jorklenis2\cscommon\release\masyncdbjob_countryfilter.obj
d:\gunz\server private\repack jorklenis2\repack-jorklenis2\cscommon\release\masyncdbjob_charfinalize.obj
d:\gunz\server private\repack jorklenis2\repack-jorklenis2\cscommon\release\masyncdbjob_buyquestitem.obj
d:\gunz\server private\repack jorklenis2\repack-jorklenis2\cscommon\release\masyncdbjob.obj
d:\gunz\server private\repack jorklenis2\repack-jorklenis2\cscommon\release\mmatchconfig.obj
d:\gunz\server private\repack jorklenis2\repack-jorklenis2\cscommon\release\mmatcheventmanager.obj
d:\gunz\server private\repack jorklenis2\repack-jorklenis2\cscommon\release\mmatchspymode.obj
d:\gunz\server private\repack jorklenis2\repack-jorklenis2\cscommon\release\mmatchspymap.obj
d:\gunz\server private\repack jorklenis2\repack-jorklenis2\cscommon\release\mmatchserver_spy.obj
d:\gunz\server private\repack jorklenis2\repack-jorklenis2\cscommon\release\mmatchrulespy.obj
d:\gunz\server private\repack jorklenis2\repack-jorklenis2\cscommon\release\mmatchdebug.obj
d:\gunz\server private\repack jorklenis2\repack-jorklenis2\cscommon\release\testcrc32xorcache.obj
d:\gunz\server private\repack jorklenis2\repack-jorklenis2\cscommon\release\mhackingtypes.obj
d:\gunz\server private\repack jorklenis2\repack-jorklenis2\cscommon\release\mconnecthistory.obj
d:\gunz\server private\repack jorklenis2\repack-jorklenis2\cscommon\release\mmatchstringresmanager.obj
d:\gunz\server private\repack jorklenis2\repack-jorklenis2\cscommon\release\mbasestringresmanager.obj
d:\gunz\server private\repack jorklenis2\repack-jorklenis2\cscommon\release\mnj_dbagentclient.obj
d:\gunz\server private\repack jorklenis2\repack-jorklenis2\cscommon\release\mmatchlocale.obj
d:\gunz\server private\repack jorklenis2\repack-jorklenis2\cscommon\release\mbaselocale.obj
d:\gunz\server private\repack jorklenis2\repack-jorklenis2\cscommon\release\mxmlparser.obj
d:\gunz\server private\repack jorklenis2\repack-jorklenis2\cscommon\release\mcommandcommunicator.obj
d:\gunz\server private\repack jorklenis2\repack-jorklenis2\cscommon\release\masyncproxy.obj
d:\gunz\server private\repack jorklenis2\repack-jorklenis2\cscommon\release\masyncdbjob_wintheclangame.obj
d:\gunz\server private\repack jorklenis2\repack-jorklenis2\cscommon\lib\cscommon.lib
d:\gunz\server private\repack jorklenis2\repack-jorklenis2\cscommon\release\msxml.tlh
d:\gunz\server private\repack jorklenis2\repack-jorklenis2\cscommon\release\cscommon.tlog\cl.command.1.tlog
d:\gunz\server private\repack jorklenis2\repack-jorklenis2\cscommon\release\cscommon.tlog\cl.read.1.tlog
d:\gunz\server private\repack jorklenis2\repack-jorklenis2\cscommon\release\cscommon.tlog\cl.write.1.tlog
d:\gunz\server private\repack jorklenis2\repack-jorklenis2\cscommon\release\cscommon.tlog\lib-link.read.1.tlog
d:\gunz\server private\repack jorklenis2\repack-jorklenis2\cscommon\release\cscommon.tlog\lib-link.write.1.tlog
d:\gunz\server private\repack jorklenis2\repack-jorklenis2\cscommon\release\cscommon.tlog\lib.command.1.tlog
