d:\gunz\server private\repack jorklenis2\repack-jorklenis2\mint2\release\mint2.pch
d:\gunz\server private\repack jorklenis2\repack-jorklenis2\mint2\release\mint2.pdb
d:\gunz\server private\repack jorklenis2\repack-jorklenis2\mint2\release\stdafx.obj
d:\gunz\server private\repack jorklenis2\repack-jorklenis2\mint2\release\mconsoleframe.obj
d:\gunz\server private\repack jorklenis2\repack-jorklenis2\mint2\release\mcombobox.obj
d:\gunz\server private\repack jorklenis2\repack-jorklenis2\mint2\release\mbutton.obj
d:\gunz\server private\repack jorklenis2\repack-jorklenis2\mint2\release\mbmlabel.obj
d:\gunz\server private\repack jorklenis2\repack-jorklenis2\mint2\release\mbmbutton.obj
d:\gunz\server private\repack jorklenis2\repack-jorklenis2\mint2\release\manimation.obj
d:\gunz\server private\repack jorklenis2\repack-jorklenis2\mint2\release\manibmbutton.obj
d:\gunz\server private\repack jorklenis2\repack-jorklenis2\mint2\release\mbtextarealook.obj
d:\gunz\server private\repack jorklenis2\repack-jorklenis2\mint2\release\mbtabctrllook.obj
d:\gunz\server private\repack jorklenis2\repack-jorklenis2\mint2\release\mbsliderlook.obj
d:\gunz\server private\repack jorklenis2\repack-jorklenis2\mint2\release\mbscrollbarlook.obj
d:\gunz\server private\repack jorklenis2\repack-jorklenis2\mint2\release\mbpopupmenu.obj
d:\gunz\server private\repack jorklenis2\repack-jorklenis2\mint2\release\mbmulticollistboxlook.obj
d:\gunz\server private\repack jorklenis2\repack-jorklenis2\mint2\release\mblistboxlook.obj
d:\gunz\server private\repack jorklenis2\repack-jorklenis2\mint2\release\mblabellook.obj
d:\gunz\server private\repack jorklenis2\repack-jorklenis2\mint2\release\mbitmapdrawer.obj
d:\gunz\server private\repack jorklenis2\repack-jorklenis2\mint2\release\mbgrouplook.obj
d:\gunz\server private\repack jorklenis2\repack-jorklenis2\mint2\release\mbframelook.obj
d:\gunz\server private\repack jorklenis2\repack-jorklenis2\mint2\release\mbeditlook.obj
d:\gunz\server private\repack jorklenis2\repack-jorklenis2\mint2\release\mbbuttonlook.obj
d:\gunz\server private\repack jorklenis2\repack-jorklenis2\mint2\release\mscrollbar.obj
d:\gunz\server private\repack jorklenis2\repack-jorklenis2\mint2\release\mpopupmenu.obj
d:\gunz\server private\repack jorklenis2\repack-jorklenis2\mint2\release\mpicture.obj
d:\gunz\server private\repack jorklenis2\repack-jorklenis2\mint2\release\mpanel.obj
d:\gunz\server private\repack jorklenis2\repack-jorklenis2\mint2\release\mmulticollistbox.obj
d:\gunz\server private\repack jorklenis2\repack-jorklenis2\mint2\release\mmsgbox.obj
d:\gunz\server private\repack jorklenis2\repack-jorklenis2\mint2\release\mlistbox.obj
d:\gunz\server private\repack jorklenis2\repack-jorklenis2\mint2\release\mlayoutmanager.obj
d:\gunz\server private\repack jorklenis2\repack-jorklenis2\mint2\release\mlabel.obj
d:\gunz\server private\repack jorklenis2\repack-jorklenis2\mint2\release\mint.obj
d:\gunz\server private\repack jorklenis2\repack-jorklenis2\mint2\release\mhypertext.obj
d:\gunz\server private\repack jorklenis2\repack-jorklenis2\mint2\release\mhotkey.obj
d:\gunz\server private\repack jorklenis2\repack-jorklenis2\mint2\release\mgroup.obj
d:\gunz\server private\repack jorklenis2\repack-jorklenis2\mint2\release\mframedrawer.obj
d:\gunz\server private\repack jorklenis2\repack-jorklenis2\mint2\release\mframe.obj
d:\gunz\server private\repack jorklenis2\repack-jorklenis2\mint2\release\mfiledialog.obj
d:\gunz\server private\repack jorklenis2\repack-jorklenis2\mint2\release\mfilebox.obj
d:\gunz\server private\repack jorklenis2\repack-jorklenis2\mint2\release\mevent.obj
d:\gunz\server private\repack jorklenis2\repack-jorklenis2\mint2\release\medit.obj
d:\gunz\server private\repack jorklenis2\repack-jorklenis2\mint2\release\mdragobject.obj
d:\gunz\server private\repack jorklenis2\repack-jorklenis2\mint2\release\mstringtable.obj
d:\gunz\server private\repack jorklenis2\repack-jorklenis2\mint2\release\mresourcemanager.obj
d:\gunz\server private\repack jorklenis2\repack-jorklenis2\mint2\release\midlresource.obj
d:\gunz\server private\repack jorklenis2\repack-jorklenis2\mint2\release\mfont.obj
d:\gunz\server private\repack jorklenis2\repack-jorklenis2\mint2\release\mdrawcontext.obj
d:\gunz\server private\repack jorklenis2\repack-jorklenis2\mint2\release\mcursor.obj
d:\gunz\server private\repack jorklenis2\repack-jorklenis2\mint2\release\mbitmap.obj
d:\gunz\server private\repack jorklenis2\repack-jorklenis2\mint2\release\mwidget.obj
d:\gunz\server private\repack jorklenis2\repack-jorklenis2\mint2\release\mtypes.obj
d:\gunz\server private\repack jorklenis2\repack-jorklenis2\mint2\release\mtooltip.obj
d:\gunz\server private\repack jorklenis2\repack-jorklenis2\mint2\release\mtextarea.obj
d:\gunz\server private\repack jorklenis2\repack-jorklenis2\mint2\release\mtabctrl.obj
d:\gunz\server private\repack jorklenis2\repack-jorklenis2\mint2\release\mslider.obj
d:\gunz\server private\repack jorklenis2\repack-jorklenis2\mint2\lib\mint2.lib
d:\gunz\server private\repack jorklenis2\repack-jorklenis2\mint2\release\msxml.tlh
d:\gunz\server private\repack jorklenis2\repack-jorklenis2\mint2\release\mint2.tlog\cl.command.1.tlog
d:\gunz\server private\repack jorklenis2\repack-jorklenis2\mint2\release\mint2.tlog\cl.read.1.tlog
d:\gunz\server private\repack jorklenis2\repack-jorklenis2\mint2\release\mint2.tlog\cl.write.1.tlog
d:\gunz\server private\repack jorklenis2\repack-jorklenis2\mint2\release\mint2.tlog\lib-link.read.1.tlog
d:\gunz\server private\repack jorklenis2\repack-jorklenis2\mint2\release\mint2.tlog\lib-link.write.1.tlog
d:\gunz\server private\repack jorklenis2\repack-jorklenis2\mint2\release\mint2.tlog\lib.command.1.tlog
