d:\gunz\server private\repack jorklenis2\repack-jorklenis2\gunz\release\gunz.pch
d:\gunz\server private\repack jorklenis2\repack-jorklenis2\gunz\release\vc141.pdb
d:\gunz\server private\repack jorklenis2\repack-jorklenis2\gunz\release\stdafx.obj
d:\gunz\server private\repack jorklenis2\repack-jorklenis2\gunz\release\zruleclassic.obj
d:\gunz\server private\repack jorklenis2\repack-jorklenis2\gunz\release\zradar.obj
d:\gunz\server private\repack jorklenis2\repack-jorklenis2\gunz\release\zplayerwarsrankinglistbox.obj
d:\gunz\server private\repack jorklenis2\repack-jorklenis2\gunz\release\zplayermanager.obj
d:\gunz\server private\repack jorklenis2\repack-jorklenis2\gunz\release\zobserver.obj
d:\gunz\server private\repack jorklenis2\repack-jorklenis2\gunz\release\zminimap.obj
d:\gunz\server private\repack jorklenis2\repack-jorklenis2\gunz\release\zlanguageconf.obj
d:\gunz\server private\repack jorklenis2\repack-jorklenis2\gunz\release\zinput.obj
d:\gunz\server private\repack jorklenis2\repack-jorklenis2\gunz\release\zglobaladminannounceinterface.obj
d:\gunz\server private\repack jorklenis2\repack-jorklenis2\gunz\release\zgameinput_debug.obj
d:\gunz\server private\repack jorklenis2\repack-jorklenis2\gunz\release\zgameinput.obj
d:\gunz\server private\repack jorklenis2\repack-jorklenis2\gunz\release\zdirectinput.obj
d:\gunz\server private\repack jorklenis2\repack-jorklenis2\gunz\release\zcrosshair.obj
d:\gunz\server private\repack jorklenis2\repack-jorklenis2\gunz\release\zcommands.obj
d:\gunz\server private\repack jorklenis2\repack-jorklenis2\gunz\release\zcombatquestscreen.obj
d:\gunz\server private\repack jorklenis2\repack-jorklenis2\gunz\release\zcombatinterface.obj
d:\gunz\server private\repack jorklenis2\repack-jorklenis2\gunz\release\zcombatchat.obj
d:\gunz\server private\repack jorklenis2\repack-jorklenis2\gunz\release\zcanvas.obj
d:\gunz\server private\repack jorklenis2\repack-jorklenis2\gunz\release\zbandicapturer.obj
d:\gunz\server private\repack jorklenis2\repack-jorklenis2\gunz\release\zruledropgungame.obj
d:\gunz\server private\repack jorklenis2\repack-jorklenis2\gunz\release\zequipmentlistbox.obj
d:\gunz\server private\repack jorklenis2\repack-jorklenis2\gunz\release\zdueltournamentrankinglistbox.obj
d:\gunz\server private\repack jorklenis2\repack-jorklenis2\gunz\release\zcombatmenu.obj
d:\gunz\server private\repack jorklenis2\repack-jorklenis2\gunz\release\zclanlistbox.obj
d:\gunz\server private\repack jorklenis2\repack-jorklenis2\gunz\release\zcharacterviewlist.obj
d:\gunz\server private\repack jorklenis2\repack-jorklenis2\gunz\release\zcharacterview.obj
d:\gunz\server private\repack jorklenis2\repack-jorklenis2\gunz\release\zcharacterselectview.obj
d:\gunz\server private\repack jorklenis2\repack-jorklenis2\gunz\release\zbutton.obj
d:\gunz\server private\repack jorklenis2\repack-jorklenis2\gunz\release\zbmnumlabel.obj
d:\gunz\server private\repack jorklenis2\repack-jorklenis2\gunz\release\zbitmapmanager.obj
d:\gunz\server private\repack jorklenis2\repack-jorklenis2\gunz\release\zactionkey.obj
d:\gunz\server private\repack jorklenis2\repack-jorklenis2\gunz\release\mint4r2.obj
d:\gunz\server private\repack jorklenis2\repack-jorklenis2\gunz\release\mint4gunz.obj
d:\gunz\server private\repack jorklenis2\repack-jorklenis2\gunz\release\mcommandlogframe.obj
d:\gunz\server private\repack jorklenis2\repack-jorklenis2\gunz\release\zweaponscreeneffect.obj
d:\gunz\server private\repack jorklenis2\repack-jorklenis2\gunz\release\zvoteinterface.obj
d:\gunz\server private\repack jorklenis2\repack-jorklenis2\gunz\release\zrulevampire.obj
d:\gunz\server private\repack jorklenis2\repack-jorklenis2\gunz\release\zrulespy.obj
d:\gunz\server private\repack jorklenis2\repack-jorklenis2\gunz\release\zrulenks.obj
d:\gunz\server private\repack jorklenis2\repack-jorklenis2\gunz\release\zruleninja.obj
d:\gunz\server private\repack jorklenis2\repack-jorklenis2\gunz\release\zchatcmd.obj
d:\gunz\server private\repack jorklenis2\repack-jorklenis2\gunz\release\zchat_cmds.obj
d:\gunz\server private\repack jorklenis2\repack-jorklenis2\gunz\release\zchat.obj
d:\gunz\server private\repack jorklenis2\repack-jorklenis2\gunz\release\ztooltip.obj
d:\gunz\server private\repack jorklenis2\repack-jorklenis2\gunz\release\zstageinfobox.obj
d:\gunz\server private\repack jorklenis2\repack-jorklenis2\gunz\release\zshopequiplistbox.obj
d:\gunz\server private\repack jorklenis2\repack-jorklenis2\gunz\release\zserverview.obj
d:\gunz\server private\repack jorklenis2\repack-jorklenis2\gunz\release\zscorelistbox.obj
d:\gunz\server private\repack jorklenis2\repack-jorklenis2\gunz\release\zroomlistbox.obj
d:\gunz\server private\repack jorklenis2\repack-jorklenis2\gunz\release\zplayerselectlistbox.obj
d:\gunz\server private\repack jorklenis2\repack-jorklenis2\gunz\release\zplayermenu.obj
d:\gunz\server private\repack jorklenis2\repack-jorklenis2\gunz\release\zplayerlistbox.obj
d:\gunz\server private\repack jorklenis2\repack-jorklenis2\gunz\release\zmsgbox.obj
d:\gunz\server private\repack jorklenis2\repack-jorklenis2\gunz\release\zmeshviewlist.obj
d:\gunz\server private\repack jorklenis2\repack-jorklenis2\gunz\release\zmeshview.obj
d:\gunz\server private\repack jorklenis2\repack-jorklenis2\gunz\release\zmaplistbox.obj
d:\gunz\server private\repack jorklenis2\repack-jorklenis2\gunz\release\zitemslotview.obj
d:\gunz\server private\repack jorklenis2\repack-jorklenis2\gunz\release\zitemmenu.obj
d:\gunz\server private\repack jorklenis2\repack-jorklenis2\gunz\release\zidlresource.obj
d:\gunz\server private\repack jorklenis2\repack-jorklenis2\gunz\release\zframe.obj
d:\gunz\server private\repack jorklenis2\repack-jorklenis2\gunz\release\zshop.obj
d:\gunz\server private\repack jorklenis2\repack-jorklenis2\gunz\release\zscreendebugger.obj
d:\gunz\server private\repack jorklenis2\repack-jorklenis2\gunz\release\zreportabuse.obj
d:\gunz\server private\repack jorklenis2\repack-jorklenis2\gunz\release\zplayerlist.obj
d:\gunz\server private\repack jorklenis2\repack-jorklenis2\gunz\release\zoptioninterface.obj
d:\gunz\server private\repack jorklenis2\repack-jorklenis2\gunz\release\znetrepository.obj
d:\gunz\server private\repack jorklenis2\repack-jorklenis2\gunz\release\zmyinfo.obj
d:\gunz\server private\repack jorklenis2\repack-jorklenis2\gunz\release\zmonsterbookinterface.obj
d:\gunz\server private\repack jorklenis2\repack-jorklenis2\gunz\release\zloading.obj
d:\gunz\server private\repack jorklenis2\repack-jorklenis2\gunz\release\zitemiconbitmap.obj
d:\gunz\server private\repack jorklenis2\repack-jorklenis2\gunz\release\zinterfacelistener.obj
d:\gunz\server private\repack jorklenis2\repack-jorklenis2\gunz\release\zinterfacebackground.obj
d:\gunz\server private\repack jorklenis2\repack-jorklenis2\gunz\release\zinterface.obj
d:\gunz\server private\repack jorklenis2\repack-jorklenis2\gunz\release\zinitialloading.obj
d:\gunz\server private\repack jorklenis2\repack-jorklenis2\gunz\release\zgameinterface_oncommand.obj
d:\gunz\server private\repack jorklenis2\repack-jorklenis2\gunz\release\zgameinterface.obj
d:\gunz\server private\repack jorklenis2\repack-jorklenis2\gunz\release\zfile.obj
d:\gunz\server private\repack jorklenis2\repack-jorklenis2\gunz\release\zembleminterface.obj
d:\gunz\server private\repack jorklenis2\repack-jorklenis2\gunz\release\zcountdown.obj
d:\gunz\server private\repack jorklenis2\repack-jorklenis2\gunz\release\zconsole.obj
d:\gunz\server private\repack jorklenis2\repack-jorklenis2\gunz\release\zeffectbillboard.obj
d:\gunz\server private\repack jorklenis2\repack-jorklenis2\gunz\release\zeffectbase.obj
d:\gunz\server private\repack jorklenis2\repack-jorklenis2\gunz\release\zeffectanimesh.obj
d:\gunz\server private\repack jorklenis2\repack-jorklenis2\gunz\release\zanieventhandler.obj
d:\gunz\server private\repack jorklenis2\repack-jorklenis2\gunz\release\zsurvival.obj
d:\gunz\server private\repack jorklenis2\repack-jorklenis2\gunz\release\zquestmap.obj
d:\gunz\server private\repack jorklenis2\repack-jorklenis2\gunz\release\zquestgameinfo.obj
d:\gunz\server private\repack jorklenis2\repack-jorklenis2\gunz\release\zquest.obj
d:\gunz\server private\repack jorklenis2\repack-jorklenis2\gunz\release\znpcinfofromserver.obj
d:\gunz\server private\repack jorklenis2\repack-jorklenis2\gunz\release\zmybuffmgr.obj
d:\gunz\server private\repack jorklenis2\repack-jorklenis2\gunz\release\zmybuff.obj
d:\gunz\server private\repack jorklenis2\repack-jorklenis2\gunz\release\zmyquestitem.obj
d:\gunz\server private\repack jorklenis2\repack-jorklenis2\gunz\release\zmyitemlist.obj
d:\gunz\server private\repack jorklenis2\repack-jorklenis2\gunz\release\zmyitem.obj
d:\gunz\server private\repack jorklenis2\repack-jorklenis2\gunz\release\zmygambleitem.obj
d:\gunz\server private\repack jorklenis2\repack-jorklenis2\gunz\release\zstagesetting.obj
d:\gunz\server private\repack jorklenis2\repack-jorklenis2\gunz\release\zstageinterface.obj
d:\gunz\server private\repack jorklenis2\repack-jorklenis2\gunz\release\zshopequipitemconfirm.obj
d:\gunz\server private\repack jorklenis2\repack-jorklenis2\gunz\release\zshopequipitem.obj
d:\gunz\server private\repack jorklenis2\repack-jorklenis2\gunz\release\zshopequipinterface.obj
d:\gunz\server private\repack jorklenis2\repack-jorklenis2\gunz\release\zitemdesc.obj
d:\gunz\server private\repack jorklenis2\repack-jorklenis2\gunz\release\zitem.obj
d:\gunz\server private\repack jorklenis2\repack-jorklenis2\gunz\release\zcharacterobject.obj
d:\gunz\server private\repack jorklenis2\repack-jorklenis2\gunz\release\zcharactermanager.obj
d:\gunz\server private\repack jorklenis2\repack-jorklenis2\gunz\release\zcharacteritem.obj
d:\gunz\server private\repack jorklenis2\repack-jorklenis2\gunz\release\zcharacterbuff.obj
d:\gunz\server private\repack jorklenis2\repack-jorklenis2\gunz\release\zcharacter.obj
d:\gunz\server private\repack jorklenis2\repack-jorklenis2\gunz\release\zscreeneffectmanager.obj
d:\gunz\server private\repack jorklenis2\repack-jorklenis2\gunz\release\zeffectstaticmesh.obj
d:\gunz\server private\repack jorklenis2\repack-jorklenis2\gunz\release\zeffectsmoke.obj
d:\gunz\server private\repack jorklenis2\repack-jorklenis2\gunz\release\zeffectmesh.obj
d:\gunz\server private\repack jorklenis2\repack-jorklenis2\gunz\release\zeffectmanager.obj
d:\gunz\server private\repack jorklenis2\repack-jorklenis2\gunz\release\zeffectlighttracer.obj
d:\gunz\server private\repack jorklenis2\repack-jorklenis2\gunz\release\zeffectlightfragmentlist.obj
d:\gunz\server private\repack jorklenis2\repack-jorklenis2\gunz\release\zeffectlightfragment.obj
d:\gunz\server private\repack jorklenis2\repack-jorklenis2\gunz\release\zeffectgunfire.obj
d:\gunz\server private\repack jorklenis2\repack-jorklenis2\gunz\release\zeffectflashbang.obj
d:\gunz\server private\repack jorklenis2\repack-jorklenis2\gunz\release\zeffectbulletmarklist.obj
d:\gunz\server private\repack jorklenis2\repack-jorklenis2\gunz\release\zeffectbulletmark.obj
d:\gunz\server private\repack jorklenis2\repack-jorklenis2\gunz\release\zeffectbillboardlist.obj
d:\gunz\server private\repack jorklenis2\repack-jorklenis2\gunz\release\zactorcontroller.obj
d:\gunz\server private\repack jorklenis2\repack-jorklenis2\gunz\release\zactoranimation.obj
d:\gunz\server private\repack jorklenis2\repack-jorklenis2\gunz\release\zactor.obj
d:\gunz\server private\repack jorklenis2\repack-jorklenis2\gunz\release\zskill.obj
d:\gunz\server private\repack jorklenis2\repack-jorklenis2\gunz\release\zmodule_skills.obj
d:\gunz\server private\repack jorklenis2\repack-jorklenis2\gunz\release\zmodule_resistance.obj
d:\gunz\server private\repack jorklenis2\repack-jorklenis2\gunz\release\zmodule_queststatus.obj
d:\gunz\server private\repack jorklenis2\repack-jorklenis2\gunz\release\zmodule_poisondamage.obj
d:\gunz\server private\repack jorklenis2\repack-jorklenis2\gunz\release\zmodule_movable.obj
d:\gunz\server private\repack jorklenis2\repack-jorklenis2\gunz\release\zmodule_lightningdamage.obj
d:\gunz\server private\repack jorklenis2\repack-jorklenis2\gunz\release\zmodule_hpap.obj
d:\gunz\server private\repack jorklenis2\repack-jorklenis2\gunz\release\zmodule_healovertime.obj
d:\gunz\server private\repack jorklenis2\repack-jorklenis2\gunz\release\zmodule_firedamage.obj
d:\gunz\server private\repack jorklenis2\repack-jorklenis2\gunz\release\zmodule_colddamage.obj
d:\gunz\server private\repack jorklenis2\repack-jorklenis2\gunz\release\zmodule.obj
d:\gunz\server private\repack jorklenis2\repack-jorklenis2\gunz\release\zshadow.obj
d:\gunz\server private\repack jorklenis2\repack-jorklenis2\gunz\release\zobjectmanager.obj
d:\gunz\server private\repack jorklenis2\repack-jorklenis2\gunz\release\zobject.obj
d:\gunz\server private\repack jorklenis2\repack-jorklenis2\gunz\release\znetcharacter.obj
d:\gunz\server private\repack jorklenis2\repack-jorklenis2\gunz\release\zmycharacter.obj
d:\gunz\server private\repack jorklenis2\repack-jorklenis2\gunz\release\zsoundengine.obj
d:\gunz\server private\repack jorklenis2\repack-jorklenis2\gunz\release\zactorsound.obj
d:\gunz\server private\repack jorklenis2\repack-jorklenis2\gunz\release\zbehavior_script.obj
d:\gunz\server private\repack jorklenis2\repack-jorklenis2\gunz\release\zbehavior_patrol.obj
d:\gunz\server private\repack jorklenis2\repack-jorklenis2\gunz\release\zbehavior_idle.obj
d:\gunz\server private\repack jorklenis2\repack-jorklenis2\gunz\release\zbehavior_attack.obj
d:\gunz\server private\repack jorklenis2\repack-jorklenis2\gunz\release\zbehavior.obj
d:\gunz\server private\repack jorklenis2\repack-jorklenis2\gunz\release\ztaskmanager.obj
d:\gunz\server private\repack jorklenis2\repack-jorklenis2\gunz\release\ztask_skill.obj
d:\gunz\server private\repack jorklenis2\repack-jorklenis2\gunz\release\ztask_rotatetodir.obj
d:\gunz\server private\repack jorklenis2\repack-jorklenis2\gunz\release\ztask_movetopos.obj
d:\gunz\server private\repack jorklenis2\repack-jorklenis2\gunz\release\ztask_delay.obj
d:\gunz\server private\repack jorklenis2\repack-jorklenis2\gunz\release\ztask_attackrange.obj
d:\gunz\server private\repack jorklenis2\repack-jorklenis2\gunz\release\ztask_attackmelee.obj
d:\gunz\server private\repack jorklenis2\repack-jorklenis2\gunz\release\ztask.obj
d:\gunz\server private\repack jorklenis2\repack-jorklenis2\gunz\release\zstatemachine.obj
d:\gunz\server private\repack jorklenis2\repack-jorklenis2\gunz\release\zrangeweaponhitdice.obj
d:\gunz\server private\repack jorklenis2\repack-jorklenis2\gunz\release\zenvobject.obj
d:\gunz\server private\repack jorklenis2\repack-jorklenis2\gunz\release\zenemy.obj
d:\gunz\server private\repack jorklenis2\repack-jorklenis2\gunz\release\zbrain.obj
d:\gunz\server private\repack jorklenis2\repack-jorklenis2\gunz\release\zutil.obj
d:\gunz\server private\repack jorklenis2\repack-jorklenis2\gunz\release\ztimer.obj
d:\gunz\server private\repack jorklenis2\repack-jorklenis2\gunz\release\ztestgame.obj
d:\gunz\server private\repack jorklenis2\repack-jorklenis2\gunz\release\zreplay.obj
d:\gunz\server private\repack jorklenis2\repack-jorklenis2\gunz\release\zmapdesc.obj
d:\gunz\server private\repack jorklenis2\repack-jorklenis2\gunz\release\zmap.obj
d:\gunz\server private\repack jorklenis2\repack-jorklenis2\gunz\release\zhelpscreen.obj
d:\gunz\server private\repack jorklenis2\repack-jorklenis2\gunz\release\zglobal.obj
d:\gunz\server private\repack jorklenis2\repack-jorklenis2\gunz\release\zgametype.obj
d:\gunz\server private\repack jorklenis2\repack-jorklenis2\gunz\release\zgameaction.obj
d:\gunz\server private\repack jorklenis2\repack-jorklenis2\gunz\release\zgame.obj
d:\gunz\server private\repack jorklenis2\repack-jorklenis2\gunz\release\zconfiguration.obj
d:\gunz\server private\repack jorklenis2\repack-jorklenis2\gunz\release\zclan.obj
d:\gunz\server private\repack jorklenis2\repack-jorklenis2\gunz\release\zchannelrule.obj
d:\gunz\server private\repack jorklenis2\repack-jorklenis2\gunz\release\zcamera.obj
d:\gunz\server private\repack jorklenis2\repack-jorklenis2\gunz\release\zapplication.obj
d:\gunz\server private\repack jorklenis2\repack-jorklenis2\gunz\release\main.obj
d:\gunz\server private\repack jorklenis2\repack-jorklenis2\gunz\release\cglencription.obj
d:\gunz\server private\repack jorklenis2\repack-jorklenis2\gunz\release\physics.obj
d:\gunz\server private\repack jorklenis2\repack-jorklenis2\gunz\release\zsoundfmod.obj
d:\gunz\server private\repack jorklenis2\repack-jorklenis2\gunz\release\msysinfo.obj
d:\gunz\server private\repack jorklenis2\repack-jorklenis2\gunz\release\zbirdtest.obj
d:\gunz\server private\repack jorklenis2\repack-jorklenis2\gunz\release\zbirddummyclient.obj
d:\gunz\server private\repack jorklenis2\repack-jorklenis2\gunz\release\zbirddummyai.obj
d:\gunz\server private\repack jorklenis2\repack-jorklenis2\gunz\release\zweaponmgr.obj
d:\gunz\server private\repack jorklenis2\repack-jorklenis2\gunz\release\zweapon.obj
d:\gunz\server private\repack jorklenis2\repack-jorklenis2\gunz\release\zruletraining.obj
d:\gunz\server private\repack jorklenis2\repack-jorklenis2\gunz\release\zrulesurvival.obj
d:\gunz\server private\repack jorklenis2\repack-jorklenis2\gunz\release\zrulequest.obj
d:\gunz\server private\repack jorklenis2\repack-jorklenis2\gunz\release\zrulegladiator.obj
d:\gunz\server private\repack jorklenis2\repack-jorklenis2\gunz\release\zruledueltournament.obj
d:\gunz\server private\repack jorklenis2\repack-jorklenis2\gunz\release\zruleduel.obj
d:\gunz\server private\repack jorklenis2\repack-jorklenis2\gunz\release\zruledeathmatch.obj
d:\gunz\server private\repack jorklenis2\repack-jorklenis2\gunz\release\zruleberserker.obj
d:\gunz\server private\repack jorklenis2\repack-jorklenis2\gunz\release\zrulebasequest.obj
d:\gunz\server private\repack jorklenis2\repack-jorklenis2\gunz\release\zruleassassinate.obj
d:\gunz\server private\repack jorklenis2\repack-jorklenis2\gunz\release\zrule.obj
d:\gunz\server private\repack jorklenis2\repack-jorklenis2\gunz\release\zmatch.obj
d:\gunz\server private\repack jorklenis2\repack-jorklenis2\gunz\release\zworldmanager.obj
d:\gunz\server private\repack jorklenis2\repack-jorklenis2\gunz\release\zworld.obj
d:\gunz\server private\repack jorklenis2\repack-jorklenis2\gunz\release\upnp.obj
d:\gunz\server private\repack jorklenis2\repack-jorklenis2\gunz\release\zsecurity.obj
d:\gunz\server private\repack jorklenis2\repack-jorklenis2\gunz\release\zpostlocal.obj
d:\gunz\server private\repack jorklenis2\repack-jorklenis2\gunz\release\zpost.obj
d:\gunz\server private\repack jorklenis2\repack-jorklenis2\gunz\release\znetagreementbuilder.obj
d:\gunz\server private\repack jorklenis2\repack-jorklenis2\gunz\release\zlocatorlist.obj
d:\gunz\server private\repack jorklenis2\repack-jorklenis2\gunz\release\zgametypelist.obj
d:\gunz\server private\repack jorklenis2\repack-jorklenis2\gunz\release\zgameclient_oncommand.obj
d:\gunz\server private\repack jorklenis2\repack-jorklenis2\gunz\release\zgameclient_ladder.obj
d:\gunz\server private\repack jorklenis2\repack-jorklenis2\gunz\release\zgameclient_dueltournament.obj
d:\gunz\server private\repack jorklenis2\repack-jorklenis2\gunz\release\zgameclient_clan.obj
d:\gunz\server private\repack jorklenis2\repack-jorklenis2\gunz\release\zgameclient.obj
d:\gunz\server private\repack jorklenis2\repack-jorklenis2\gunz\release\zcommandtable.obj
d:\gunz\server private\repack jorklenis2\repack-jorklenis2\gunz\release\memblemmgr.obj
d:\gunz\server private\repack jorklenis2\repack-jorklenis2\gunz\release\zworlditem.obj
d:\gunz\server private\repack jorklenis2\repack-jorklenis2\gunz\release\zwater.obj
d:\gunz\server private\repack jorklenis2\repack-jorklenis2\gunz\release\zstencillight.obj
d:\gunz\server private\repack jorklenis2\repack-jorklenis2\gunz\release\zskybox.obj
d:\gunz\server private\repack jorklenis2\repack-jorklenis2\gunz\release\zprofiler.obj
d:\gunz\server private\repack jorklenis2\repack-jorklenis2\gunz\release\zclothemblem.obj
d:\gunz\server private\repack jorklenis2\repack-jorklenis2\gunz\release\zgameguard.obj
d:\gunz\server private\repack jorklenis2\repack-jorklenis2\gunz\release\securitytest.obj
d:\gunz\server private\repack jorklenis2\repack-jorklenis2\gunz\release\ztips.obj
d:\gunz\server private\repack jorklenis2\repack-jorklenis2\gunz\release\zstringresmanager.obj
d:\gunz\server private\repack jorklenis2\repack-jorklenis2\gunz\release\zmessages.obj
d:\gunz\server private\repack jorklenis2\repack-jorklenis2\gunz\release\znhn_usa_report.obj
d:\gunz\server private\repack jorklenis2\repack-jorklenis2\gunz\release\znhn_usa_poll.obj
d:\gunz\server private\repack jorklenis2\repack-jorklenis2\gunz\release\znhn_usa.obj
d:\gunz\server private\repack jorklenis2\repack-jorklenis2\gunz\release\znetmarblejp.obj
d:\gunz\server private\repack jorklenis2\repack-jorklenis2\gunz\release\znetmarble.obj
d:\gunz\server private\repack jorklenis2\repack-jorklenis2\gunz\release\zgameonjpauth.obj
d:\gunz\server private\repack jorklenis2\repack-jorklenis2\gunz\release\zlocale.obj
d:\gunz\server private\repack jorklenis2\repack-jorklenis2\gunz\release\zbaseauthinfo.obj
d:\gunz\server private\repack jorklenis2\repack-jorklenis2\gunz\release\zcommandudphackshield.obj
d:\gunz\server private\repack jorklenis2\repack-jorklenis2\build\repack jorklenis2\gunz\gunz.exe
d:\gunz\server private\repack jorklenis2\repack-jorklenis2\build\gunz\gunz.exe
d:\gunz\server private\repack jorklenis2\repack-jorklenis2\build\gunz\gunz.pdb
d:\gunz\server private\repack jorklenis2\repack-jorklenis2\gunz\release\gunz.res
d:\gunz\server private\repack jorklenis2\repack-jorklenis2\gunz\release\msxml.tlh
d:\gunz\server private\repack jorklenis2\repack-jorklenis2\gunz\..\build\gunz\gunz.exe
d:\gunz\server private\repack jorklenis2\repack-jorklenis2\gunz\release\gunz.tlog\cl.command.1.tlog
d:\gunz\server private\repack jorklenis2\repack-jorklenis2\gunz\release\gunz.tlog\cl.read.1.tlog
d:\gunz\server private\repack jorklenis2\repack-jorklenis2\gunz\release\gunz.tlog\cl.write.1.tlog
d:\gunz\server private\repack jorklenis2\repack-jorklenis2\gunz\release\gunz.tlog\link.command.1.tlog
d:\gunz\server private\repack jorklenis2\repack-jorklenis2\gunz\release\gunz.tlog\link.read.1.tlog
d:\gunz\server private\repack jorklenis2\repack-jorklenis2\gunz\release\gunz.tlog\link.write.1.tlog
d:\gunz\server private\repack jorklenis2\repack-jorklenis2\gunz\release\gunz.tlog\rc.command.1.tlog
d:\gunz\server private\repack jorklenis2\repack-jorklenis2\gunz\release\gunz.tlog\rc.read.1.tlog
d:\gunz\server private\repack jorklenis2\repack-jorklenis2\gunz\release\gunz.tlog\rc.write.1.tlog
