d:\gunz\server private\repack jorklenis2\repack-jorklenis2\realspace2\release_publish\realspace2.pch
d:\gunz\server private\repack jorklenis2\repack-jorklenis2\realspace2\release_publish\realspace2.pdb
d:\gunz\server private\repack jorklenis2\repack-jorklenis2\realspace2\release_publish\stdafx.obj
d:\gunz\server private\repack jorklenis2\repack-jorklenis2\realspace2\release_publish\ranimationnode.obj
d:\gunz\server private\repack jorklenis2\repack-jorklenis2\realspace2\release_publish\ranimationmgr.obj
d:\gunz\server private\repack jorklenis2\repack-jorklenis2\realspace2\release_publish\ranimationfile.obj
d:\gunz\server private\repack jorklenis2\repack-jorklenis2\realspace2\release_publish\ranimation.obj
d:\gunz\server private\repack jorklenis2\repack-jorklenis2\realspace2\release_publish\ranieventinfo.obj
d:\gunz\server private\repack jorklenis2\repack-jorklenis2\realspace2\release_publish\rvisualmeshutil.obj
d:\gunz\server private\repack jorklenis2\repack-jorklenis2\realspace2\release_publish\rvisualmeshmgr.obj
d:\gunz\server private\repack jorklenis2\repack-jorklenis2\realspace2\release_publish\rvisualmesh.obj
d:\gunz\server private\repack jorklenis2\repack-jorklenis2\realspace2\release_publish\rmtrl.obj
d:\gunz\server private\repack jorklenis2\repack-jorklenis2\realspace2\release_publish\rmeshutil.obj
d:\gunz\server private\repack jorklenis2\repack-jorklenis2\realspace2\release_publish\rmeshnodestringtable.obj
d:\gunz\server private\repack jorklenis2\repack-jorklenis2\realspace2\release_publish\rmeshnodedata.obj
d:\gunz\server private\repack jorklenis2\repack-jorklenis2\realspace2\release_publish\rmeshnode.obj
d:\gunz\server private\repack jorklenis2\repack-jorklenis2\realspace2\release_publish\rmeshmgr.obj
d:\gunz\server private\repack jorklenis2\repack-jorklenis2\realspace2\release_publish\rmesh_render.obj
d:\gunz\server private\repack jorklenis2\repack-jorklenis2\realspace2\release_publish\rmesh_mtrl.obj
d:\gunz\server private\repack jorklenis2\repack-jorklenis2\realspace2\release_publish\rmesh_load.obj
d:\gunz\server private\repack jorklenis2\repack-jorklenis2\realspace2\release_publish\rmesh_frame.obj
d:\gunz\server private\repack jorklenis2\repack-jorklenis2\realspace2\release_publish\rmesh.obj
d:\gunz\server private\repack jorklenis2\repack-jorklenis2\realspace2\release_publish\rhalfedgemesh.obj
d:\gunz\server private\repack jorklenis2\repack-jorklenis2\realspace2\release_publish\rbasetexture.obj
d:\gunz\server private\repack jorklenis2\repack-jorklenis2\realspace2\release_publish\rnavigationnode.obj
d:\gunz\server private\repack jorklenis2\repack-jorklenis2\realspace2\release_publish\rnavigationmesh.obj
d:\gunz\server private\repack jorklenis2\repack-jorklenis2\realspace2\release_publish\rastar.obj
d:\gunz\server private\repack jorklenis2\repack-jorklenis2\realspace2\release_publish\rsolidbsp.obj
d:\gunz\server private\repack jorklenis2\repack-jorklenis2\realspace2\release_publish\rroam.obj
d:\gunz\server private\repack jorklenis2\repack-jorklenis2\realspace2\release_publish\rpvs.obj
d:\gunz\server private\repack jorklenis2\repack-jorklenis2\realspace2\release_publish\rocclusionlist.obj
d:\gunz\server private\repack jorklenis2\repack-jorklenis2\realspace2\release_publish\rmateriallist.obj
d:\gunz\server private\repack jorklenis2\repack-jorklenis2\realspace2\release_publish\rlightlist.obj
d:\gunz\server private\repack jorklenis2\repack-jorklenis2\realspace2\release_publish\rlenzflare.obj
d:\gunz\server private\repack jorklenis2\repack-jorklenis2\realspace2\release_publish\rdynamiclight.obj
d:\gunz\server private\repack jorklenis2\repack-jorklenis2\realspace2\release_publish\rdummylist.obj
d:\gunz\server private\repack jorklenis2\repack-jorklenis2\realspace2\release_publish\rcollisiondetection.obj
d:\gunz\server private\repack jorklenis2\repack-jorklenis2\realspace2\release_publish\rbspobject.obj
d:\gunz\server private\repack jorklenis2\repack-jorklenis2\realspace2\release_publish\rsphere.obj
d:\gunz\server private\repack jorklenis2\repack-jorklenis2\realspace2\release_publish\rcylinder.obj
d:\gunz\server private\repack jorklenis2\repack-jorklenis2\realspace2\release_publish\rcloth.obj
d:\gunz\server private\repack jorklenis2\repack-jorklenis2\realspace2\release_publish\rcharcloth.obj
d:\gunz\server private\repack jorklenis2\repack-jorklenis2\realspace2\release_publish\rboundary.obj
d:\gunz\server private\repack jorklenis2\repack-jorklenis2\realspace2\release_publish\rtypes.obj
d:\gunz\server private\repack jorklenis2\repack-jorklenis2\realspace2\release_publish\rframework.obj
d:\gunz\server private\repack jorklenis2\repack-jorklenis2\realspace2\release_publish\realspace2.obj
d:\gunz\server private\repack jorklenis2\repack-jorklenis2\realspace2\release_publish\rtoken.obj
d:\gunz\server private\repack jorklenis2\repack-jorklenis2\realspace2\release_publish\rshadermgr.obj
d:\gunz\server private\repack jorklenis2\repack-jorklenis2\realspace2\release_publish\rparticlesystem.obj
d:\gunz\server private\repack jorklenis2\repack-jorklenis2\realspace2\release_publish\rfont.obj
d:\gunz\server private\repack jorklenis2\repack-jorklenis2\realspace2\release_publish\rerror.obj
d:\gunz\server private\repack jorklenis2\repack-jorklenis2\realspace2\release_publish\rcamera.obj
d:\gunz\server private\repack jorklenis2\repack-jorklenis2\realspace2\lib\realspace2.lib
d:\gunz\server private\repack jorklenis2\repack-jorklenis2\realspace2\release_publish\msxml.tlh
d:\gunz\server private\repack jorklenis2\repack-jorklenis2\realspace2\release_publish\realspace2.tlog\cl.command.1.tlog
d:\gunz\server private\repack jorklenis2\repack-jorklenis2\realspace2\release_publish\realspace2.tlog\cl.read.1.tlog
d:\gunz\server private\repack jorklenis2\repack-jorklenis2\realspace2\release_publish\realspace2.tlog\cl.write.1.tlog
d:\gunz\server private\repack jorklenis2\repack-jorklenis2\realspace2\release_publish\realspace2.tlog\lib-link.read.1.tlog
d:\gunz\server private\repack jorklenis2\repack-jorklenis2\realspace2\release_publish\realspace2.tlog\lib-link.write.1.tlog
d:\gunz\server private\repack jorklenis2\repack-jorklenis2\realspace2\release_publish\realspace2.tlog\lib.command.1.tlog
